<?xml version="1.0" encoding="UTF-8"?>
<testng-results ignored="0" total="4" passed="4" failed="0" skipped="0">
  <reporter-output>
    <line>
      <![CDATA[Testcase 1 executed]]>
    </line>
    <line>
      <![CDATA[Testcase 2 executed]]>
    </line>
    <line>
      <![CDATA[Testcase 3 executed]]>
    </line>
    <line>
      <![CDATA[Testcase 4 executed]]>
    </line>
  </reporter-output>
  <suite started-at="2025-12-05T07:05:11 IST" name="Suite" finished-at="2025-12-05T07:05:11 IST" duration-ms="85">
    <groups>
    </groups>
    <test started-at="2025-12-05T07:05:11 IST" name="Test" finished-at="2025-12-05T07:05:11 IST" duration-ms="85">
      <class name="testcases.SecondTestNGClass">
        <test-method is-config="true" signature="beforeClass()[pri:0, instance:testcases.SecondTestNGClass@4802796d]" started-at="2025-12-05T07:05:11 IST" name="beforeClass" finished-at="2025-12-05T07:05:11 IST" duration-ms="1" status="PASS">
          <reporter-output>
          </reporter-output>
        </test-method> <!-- beforeClass -->
        <test-method is-config="true" signature="beforeMethod()[pri:0, instance:testcases.SecondTestNGClass@4802796d]" started-at="2025-12-05T07:05:11 IST" name="beforeMethod" finished-at="2025-12-05T07:05:11 IST" duration-ms="1" status="PASS">
          <reporter-output>
          </reporter-output>
        </test-method> <!-- beforeMethod -->
        <test-method signature="fourthTestcase()[pri:0, instance:testcases.SecondTestNGClass@4802796d]" started-at="2025-12-05T07:05:11 IST" name="fourthTestcase" finished-at="2025-12-05T07:05:11 IST" duration-ms="2" status="PASS">
          <reporter-output>
            <line>
              <![CDATA[Testcase 4 executed]]>
            </line>
          </reporter-output>
        </test-method> <!-- fourthTestcase -->
        <test-method is-config="true" signature="afterMethod()[pri:0, instance:testcases.SecondTestNGClass@4802796d]" started-at="2025-12-05T07:05:11 IST" name="afterMethod" finished-at="2025-12-05T07:05:11 IST" duration-ms="0" status="PASS">
          <reporter-output>
          </reporter-output>
        </test-method> <!-- afterMethod -->
        <test-method is-config="true" signature="afterClass()[pri:0, instance:testcases.SecondTestNGClass@4802796d]" started-at="2025-12-05T07:05:11 IST" name="afterClass" finished-at="2025-12-05T07:05:11 IST" duration-ms="2" status="PASS">
          <reporter-output>
          </reporter-output>
        </test-method> <!-- afterClass -->
      </class> <!-- testcases.SecondTestNGClass -->
      <class name="testcases.FirstTestNGClass">
        <test-method is-config="true" signature="beforeSuite()[pri:0, instance:testcases.FirstTestNGClass@76505305]" started-at="2025-12-05T07:05:11 IST" name="beforeSuite" finished-at="2025-12-05T07:05:11 IST" duration-ms="13" status="PASS">
          <reporter-output>
          </reporter-output>
        </test-method> <!-- beforeSuite -->
        <test-method is-config="true" signature="beforeClass()[pri:0, instance:testcases.FirstTestNGClass@76505305]" started-at="2025-12-05T07:05:11 IST" name="beforeClass" finished-at="2025-12-05T07:05:11 IST" duration-ms="1" status="PASS">
          <reporter-output>
          </reporter-output>
        </test-method> <!-- beforeClass -->
        <test-method is-config="true" signature="beforeMethod()[pri:0, instance:testcases.FirstTestNGClass@76505305]" started-at="2025-12-05T07:05:11 IST" name="beforeMethod" finished-at="2025-12-05T07:05:11 IST" duration-ms="1" status="PASS">
          <reporter-output>
          </reporter-output>
        </test-method> <!-- beforeMethod -->
        <test-method signature="firstTestcase()[pri:0, instance:testcases.FirstTestNGClass@76505305]" started-at="2025-12-05T07:05:11 IST" name="firstTestcase" finished-at="2025-12-05T07:05:11 IST" duration-ms="8" status="PASS">
          <reporter-output>
            <line>
              <![CDATA[Testcase 1 executed]]>
            </line>
          </reporter-output>
        </test-method> <!-- firstTestcase -->
        <test-method is-config="true" signature="afterMethod()[pri:0, instance:testcases.FirstTestNGClass@76505305]" started-at="2025-12-05T07:05:11 IST" name="afterMethod" finished-at="2025-12-05T07:05:11 IST" duration-ms="0" status="PASS">
          <reporter-output>
          </reporter-output>
        </test-method> <!-- afterMethod -->
        <test-method is-config="true" signature="beforeMethod()[pri:0, instance:testcases.FirstTestNGClass@76505305]" started-at="2025-12-05T07:05:11 IST" name="beforeMethod" finished-at="2025-12-05T07:05:11 IST" duration-ms="1" status="PASS">
          <reporter-output>
          </reporter-output>
        </test-method> <!-- beforeMethod -->
        <test-method signature="secondTestcase()[pri:0, instance:testcases.FirstTestNGClass@76505305]" started-at="2025-12-05T07:05:11 IST" name="secondTestcase" finished-at="2025-12-05T07:05:11 IST" duration-ms="2" status="PASS">
          <reporter-output>
            <line>
              <![CDATA[Testcase 2 executed]]>
            </line>
          </reporter-output>
        </test-method> <!-- secondTestcase -->
        <test-method is-config="true" signature="afterMethod()[pri:0, instance:testcases.FirstTestNGClass@76505305]" started-at="2025-12-05T07:05:11 IST" name="afterMethod" finished-at="2025-12-05T07:05:11 IST" duration-ms="1" status="PASS">
          <reporter-output>
          </reporter-output>
        </test-method> <!-- afterMethod -->
        <test-method is-config="true" signature="beforeMethod()[pri:0, instance:testcases.FirstTestNGClass@76505305]" started-at="2025-12-05T07:05:11 IST" name="beforeMethod" finished-at="2025-12-05T07:05:11 IST" duration-ms="1" status="PASS">
          <reporter-output>
          </reporter-output>
        </test-method> <!-- beforeMethod -->
        <test-method signature="thirdTestcase()[pri:0, instance:testcases.FirstTestNGClass@76505305]" started-at="2025-12-05T07:05:11 IST" name="thirdTestcase" finished-at="2025-12-05T07:05:11 IST" duration-ms="3" status="PASS">
          <reporter-output>
            <line>
              <![CDATA[Testcase 3 executed]]>
            </line>
          </reporter-output>
        </test-method> <!-- thirdTestcase -->
        <test-method is-config="true" signature="afterMethod()[pri:0, instance:testcases.FirstTestNGClass@76505305]" started-at="2025-12-05T07:05:11 IST" name="afterMethod" finished-at="2025-12-05T07:05:11 IST" duration-ms="1" status="PASS">
          <reporter-output>
          </reporter-output>
        </test-method> <!-- afterMethod -->
        <test-method is-config="true" signature="afterClass()[pri:0, instance:testcases.FirstTestNGClass@76505305]" started-at="2025-12-05T07:05:11 IST" name="afterClass" finished-at="2025-12-05T07:05:11 IST" duration-ms="1" status="PASS">
          <reporter-output>
          </reporter-output>
        </test-method> <!-- afterClass -->
        <test-method is-config="true" signature="afterSuite()[pri:0, instance:testcases.FirstTestNGClass@76505305]" started-at="2025-12-05T07:05:11 IST" name="afterSuite" finished-at="2025-12-05T07:05:11 IST" duration-ms="1" status="PASS">
          <reporter-output>
          </reporter-output>
        </test-method> <!-- afterSuite -->
      </class> <!-- testcases.FirstTestNGClass -->
    </test> <!-- Test -->
  </suite> <!-- Suite -->
</testng-results>
