<?xml version="1.0" encoding="UTF-8"?>
<!-- Generated by org.testng.reporters.JUnitXMLReporter -->
<testsuite ignored="0" hostname="DESKTOP-DSQQBQT" failures="0" tests="3" name="Default test" time="0.07" errors="0" timestamp="2025-12-05T07:00:39 IST">
  <testcase classname="testcases.FirstTestNGClass" name="firstTestcase" time="0.006"/>
  <testcase classname="testcases.FirstTestNGClass" name="secondTestcase" time="0.002"/>
  <testcase classname="testcases.FirstTestNGClass" name="thirdTestcase" time="0.001"/>
</testsuite> <!-- Default test -->
