<?xml version="1.0" encoding="UTF-8"?>
<!-- Generated by org.testng.reporters.JUnitReportReporter -->
<testsuite hostname="DESKTOP-DSQQBQT" failures="0" tests="3" name="testcases.FirstTestNGClass" time="0.018" errors="0" timestamp="2025-12-05T07:05:12 IST" skipped="0">
  <testcase classname="testcases.FirstTestNGClass" name="secondTestcase" time="0.004">
    <system-out>
      <![CDATA[Testcase 2 executed]]>
    </system-out>
  </testcase> <!-- secondTestcase -->
  <testcase classname="testcases.FirstTestNGClass" name="thirdTestcase" time="0.004">
    <system-out>
      <![CDATA[Testcase 3 executed]]>
    </system-out>
  </testcase> <!-- thirdTestcase -->
  <testcase classname="testcases.FirstTestNGClass" name="firstTestcase" time="0.010">
    <system-out>
      <![CDATA[Testcase 1 executed]]>
    </system-out>
  </testcase> <!-- firstTestcase -->
  <system-out>
    <![CDATA[Testcase 1 executed
Testcase 2 executed
Testcase 3 executed
Testcase 4 executed]]>
  </system-out>
</testsuite> <!-- testcases.FirstTestNGClass -->
