<?xml version="1.0" encoding="UTF-8"?>
<!-- Generated by org.testng.reporters.JUnitReportReporter -->
<testsuite hostname="DESKTOP-DSQQBQT" failures="0" tests="1" name="testcases.SecondTestNGClass" time="0.003" errors="0" timestamp="2025-12-05T07:05:12 IST" skipped="0">
  <testcase classname="testcases.SecondTestNGClass" name="fourthTestcase" time="0.003">
    <system-out>
      <![CDATA[Testcase 4 executed]]>
    </system-out>
  </testcase> <!-- fourthTestcase -->
  <system-out>
    <![CDATA[Testcase 1 executed
Testcase 2 executed
Testcase 3 executed
Testcase 4 executed]]>
  </system-out>
</testsuite> <!-- testcases.SecondTestNGClass -->
