<?xml version="1.0" encoding="UTF-8"?>
<!-- Generated by org.testng.reporters.JUnitXMLReporter -->
<testsuite ignored="2" hostname="DESKTOP-DSQQBQT" failures="0" tests="4" name="Test" time="0.085" errors="0" timestamp="2025-12-05T07:05:11 IST">
  <testcase classname="testcases.FirstTestNGClass" name="firstTestcase" time="0.008"/>
  <testcase classname="testcases.FirstTestNGClass" name="secondTestcase" time="0.002"/>
  <testcase classname="testcases.FirstTestNGClass" name="thirdTestcase" time="0.003"/>
  <testcase classname="testcases.SecondTestNGClass" name="fourthTestcase" time="0.002"/>
  <testcase classname="testcases.TestNGBaseClass" name="@AfterSuite afterSuite" time="0.0">
    <ignored/>
  </testcase> <!-- @AfterSuite afterSuite -->
  <testcase classname="testcases.TestNGBaseClass" name="@BeforeSuite beforeSuite" time="0.0">
    <ignored/>
  </testcase> <!-- @BeforeSuite beforeSuite -->
</testsuite> <!-- Test -->
